<?xml version="1.0" encoding="UTF-8"?>
<testsuite name="com.jojoldu.book.springboot.web.HelloControllerTest" tests="2" skipped="0" failures="0" errors="0" timestamp="2022-06-21T06:43:34" hostname="김다은-PC" time="0.391">
  <properties/>
  <testcase name="hello가_리턴된다()" classname="com.jojoldu.book.springboot.web.HelloControllerTest" time="0.137"/>
  <testcase name="helloDto가_리턴된다()" classname="com.jojoldu.book.springboot.web.HelloControllerTest" time="0.252"/>
  <system-out><![CDATA[2022-06-21 15:43:32.794  INFO 37344 --- [    Test worker] .b.t.a.w.s.WebMvcTestContextBootstrapper : Neither @ContextConfiguration nor @ContextHierarchy found for test class [com.jojoldu.book.springboot.web.HelloControllerTest], using SpringBootContextLoader
2022-06-21 15:43:32.799  INFO 37344 --- [    Test worker] o.s.t.c.support.AbstractContextLoader    : Could not detect default resource locations for test class [com.jojoldu.book.springboot.web.HelloControllerTest]: no resource found for suffixes {-context.xml, Context.groovy}.
2022-06-21 15:43:32.800  INFO 37344 --- [    Test worker] t.c.s.AnnotationConfigContextLoaderUtils : Could not detect default configuration classes for test class [com.jojoldu.book.springboot.web.HelloControllerTest]: HelloControllerTest does not declare any static, non-private, non-final, nested classes annotated with @Configuration.
2022-06-21 15:43:32.859  INFO 37344 --- [    Test worker] .b.t.c.SpringBootTestContextBootstrapper : Found @SpringBootConfiguration com.jojoldu.book.springboot.Application for test class com.jojoldu.book.springboot.web.HelloControllerTest
2022-06-21 15:43:32.862  INFO 37344 --- [    Test worker] .b.t.a.w.s.WebMvcTestContextBootstrapper : Loaded default TestExecutionListener class names from location [META-INF/spring.factories]: [org.springframework.security.test.context.support.WithSecurityContextTestExecutionListener, org.springframework.security.test.context.support.ReactorContextTestExecutionListener, org.springframework.boot.test.autoconfigure.restdocs.RestDocsTestExecutionListener, org.springframework.boot.test.autoconfigure.web.client.MockRestServiceServerResetTestExecutionListener, org.springframework.boot.test.autoconfigure.web.servlet.MockMvcPrintOnlyOnFailureTestExecutionListener, org.springframework.boot.test.autoconfigure.web.servlet.WebDriverTestExecutionListener, org.springframework.boot.test.autoconfigure.webservices.client.MockWebServiceServerTestExecutionListener, org.springframework.boot.test.mock.mockito.MockitoTestExecutionListener, org.springframework.boot.test.mock.mockito.ResetMocksTestExecutionListener, org.springframework.test.context.web.ServletTestExecutionListener, org.springframework.test.context.support.DirtiesContextBeforeModesTestExecutionListener, org.springframework.test.context.event.ApplicationEventsTestExecutionListener, org.springframework.test.context.support.DependencyInjectionTestExecutionListener, org.springframework.test.context.support.DirtiesContextTestExecutionListener, org.springframework.test.context.transaction.TransactionalTestExecutionListener, org.springframework.test.context.jdbc.SqlScriptsTestExecutionListener, org.springframework.test.context.event.EventPublishingTestExecutionListener]
2022-06-21 15:43:32.868  INFO 37344 --- [    Test worker] .b.t.a.w.s.WebMvcTestContextBootstrapper : Using TestExecutionListeners: [org.springframework.test.context.web.ServletTestExecutionListener@465e534e, org.springframework.test.context.support.DirtiesContextBeforeModesTestExecutionListener@3e159a4a, org.springframework.test.context.event.ApplicationEventsTestExecutionListener@13099bd9, org.springframework.boot.test.mock.mockito.MockitoTestExecutionListener@6439d6bb, org.springframework.boot.test.autoconfigure.SpringBootDependencyInjectionTestExecutionListener@50c92d51, org.springframework.test.context.support.DirtiesContextTestExecutionListener@421c3ac8, org.springframework.test.context.transaction.TransactionalTestExecutionListener@1d14a601, org.springframework.test.context.jdbc.SqlScriptsTestExecutionListener@37b22716, org.springframework.security.test.context.support.WithSecurityContextTestExecutionListener@2e882714, org.springframework.test.context.event.EventPublishingTestExecutionListener@d618277, org.springframework.security.test.context.support.ReactorContextTestExecutionListener@35fd1974, org.springframework.boot.test.autoconfigure.restdocs.RestDocsTestExecutionListener@13d1024a, org.springframework.boot.test.autoconfigure.web.client.MockRestServiceServerResetTestExecutionListener@7c8e27a3, org.springframework.boot.test.autoconfigure.web.servlet.MockMvcPrintOnlyOnFailureTestExecutionListener@7d7d607f, org.springframework.boot.test.autoconfigure.web.servlet.WebDriverTestExecutionListener@2096f01d, org.springframework.boot.test.autoconfigure.webservices.client.MockWebServiceServerTestExecutionListener@3b4e6517, org.springframework.boot.test.mock.mockito.ResetMocksTestExecutionListener@36f0eee2]

  .   ____          _            __ _ _
 /\\ / ___'_ __ _ _(_)_ __  __ _ \ \ \ \
( ( )\___ | '_ | '_| | '_ \/ _` | \ \ \ \
 \\/  ___)| |_)| | | | | || (_| |  ) ) ) )
  '  |____| .__|_| |_|_| |_\__, | / / / /
 =========|_|==============|___/=/_/_/_/
 :: Spring Boot ::                (v2.6.6)

2022-06-21 15:43:32.931  INFO 37344 --- [    Test worker] c.j.b.s.web.HelloControllerTest          : Starting HelloControllerTest using Java 11.0.8 on 김다은-PC with PID 37344 (started by PC in C:\Users\PC\Desktop\SpringStudy\스프링 부트와 AWS로 혼자 구현하는 웹 서비스)
2022-06-21 15:43:32.932  INFO 37344 --- [    Test worker] c.j.b.s.web.HelloControllerTest          : No active profile set, falling back to 1 default profile: "default"
2022-06-21 15:43:33.783  INFO 37344 --- [    Test worker] o.s.b.a.w.s.WelcomePageHandlerMapping    : Adding welcome page template: index
2022-06-21 15:43:34.430  INFO 37344 --- [    Test worker] o.s.s.web.DefaultSecurityFilterChain     : Will not secure any request
2022-06-21 15:43:34.638  INFO 37344 --- [    Test worker] o.s.b.t.m.w.SpringBootMockServletContext : Initializing Spring TestDispatcherServlet ''
2022-06-21 15:43:34.639  INFO 37344 --- [    Test worker] o.s.t.web.servlet.TestDispatcherServlet  : Initializing Servlet ''
2022-06-21 15:43:34.640  INFO 37344 --- [    Test worker] o.s.t.web.servlet.TestDispatcherServlet  : Completed initialization in 1 ms
2022-06-21 15:43:34.668  INFO 37344 --- [    Test worker] c.j.b.s.web.HelloControllerTest          : Started HelloControllerTest in 1.795 seconds (JVM running for 19.249)
]]></system-out>
  <system-err><![CDATA[]]></system-err>
</testsuite>
