<?xml version="1.0" encoding="UTF-8"?>
<testsuite name="com.jojoldu.book.springboot.web.IndexControllerTest" tests="1" skipped="0" failures="0" errors="0" timestamp="2022-06-16T17:36:08" hostname="김다은-PC" time="0.76">
  <properties/>
  <testcase name="메인페이지_로딩()" classname="com.jojoldu.book.springboot.web.IndexControllerTest" time="0.76"/>
  <system-out><![CDATA[02:35:55.719 [Test worker] DEBUG org.springframework.test.context.BootstrapUtils - Instantiating CacheAwareContextLoaderDelegate from class [org.springframework.test.context.cache.DefaultCacheAwareContextLoaderDelegate]
02:35:55.759 [Test worker] DEBUG org.springframework.test.context.BootstrapUtils - Instantiating BootstrapContext using constructor [public org.springframework.test.context.support.DefaultBootstrapContext(java.lang.Class,org.springframework.test.context.CacheAwareContextLoaderDelegate)]
02:35:55.834 [Test worker] DEBUG org.springframework.test.context.BootstrapUtils - Instantiating TestContextBootstrapper for test class [com.jojoldu.book.springboot.web.IndexControllerTest] from class [org.springframework.boot.test.context.SpringBootTestContextBootstrapper]
02:35:55.861 [Test worker] INFO org.springframework.boot.test.context.SpringBootTestContextBootstrapper - Neither @ContextConfiguration nor @ContextHierarchy found for test class [com.jojoldu.book.springboot.web.IndexControllerTest], using SpringBootContextLoader
02:35:55.872 [Test worker] DEBUG org.springframework.test.context.support.AbstractContextLoader - Did not detect default resource location for test class [com.jojoldu.book.springboot.web.IndexControllerTest]: class path resource [com/jojoldu/book/springboot/web/IndexControllerTest-context.xml] does not exist
02:35:55.873 [Test worker] DEBUG org.springframework.test.context.support.AbstractContextLoader - Did not detect default resource location for test class [com.jojoldu.book.springboot.web.IndexControllerTest]: class path resource [com/jojoldu/book/springboot/web/IndexControllerTestContext.groovy] does not exist
02:35:55.874 [Test worker] INFO org.springframework.test.context.support.AbstractContextLoader - Could not detect default resource locations for test class [com.jojoldu.book.springboot.web.IndexControllerTest]: no resource found for suffixes {-context.xml, Context.groovy}.
02:35:55.875 [Test worker] INFO org.springframework.test.context.support.AnnotationConfigContextLoaderUtils - Could not detect default configuration classes for test class [com.jojoldu.book.springboot.web.IndexControllerTest]: IndexControllerTest does not declare any static, non-private, non-final, nested classes annotated with @Configuration.
02:35:55.976 [Test worker] DEBUG org.springframework.test.context.support.ActiveProfilesUtils - Could not find an 'annotation declaring class' for annotation type [org.springframework.test.context.ActiveProfiles] and class [com.jojoldu.book.springboot.web.IndexControllerTest]
02:35:56.188 [Test worker] DEBUG org.springframework.context.annotation.ClassPathScanningCandidateComponentProvider - Identified candidate component class: file [C:\Users\PC\Desktop\SpringStudy\스프링 부트와 AWS로 혼자 구현하는 웹 서비스\build\classes\java\main\com\jojoldu\book\springboot\Application.class]
02:35:56.191 [Test worker] INFO org.springframework.boot.test.context.SpringBootTestContextBootstrapper - Found @SpringBootConfiguration com.jojoldu.book.springboot.Application for test class com.jojoldu.book.springboot.web.IndexControllerTest
02:35:56.438 [Test worker] DEBUG org.springframework.boot.test.context.SpringBootTestContextBootstrapper - @TestExecutionListeners is not present for class [com.jojoldu.book.springboot.web.IndexControllerTest]: using defaults.
02:35:56.439 [Test worker] INFO org.springframework.boot.test.context.SpringBootTestContextBootstrapper - Loaded default TestExecutionListener class names from location [META-INF/spring.factories]: [org.springframework.boot.test.autoconfigure.restdocs.RestDocsTestExecutionListener, org.springframework.boot.test.autoconfigure.web.client.MockRestServiceServerResetTestExecutionListener, org.springframework.boot.test.autoconfigure.web.servlet.MockMvcPrintOnlyOnFailureTestExecutionListener, org.springframework.boot.test.autoconfigure.web.servlet.WebDriverTestExecutionListener, org.springframework.boot.test.autoconfigure.webservices.client.MockWebServiceServerTestExecutionListener, org.springframework.boot.test.mock.mockito.MockitoTestExecutionListener, org.springframework.boot.test.mock.mockito.ResetMocksTestExecutionListener, org.springframework.test.context.web.ServletTestExecutionListener, org.springframework.test.context.support.DirtiesContextBeforeModesTestExecutionListener, org.springframework.test.context.event.ApplicationEventsTestExecutionListener, org.springframework.test.context.support.DependencyInjectionTestExecutionListener, org.springframework.test.context.support.DirtiesContextTestExecutionListener, org.springframework.test.context.transaction.TransactionalTestExecutionListener, org.springframework.test.context.jdbc.SqlScriptsTestExecutionListener, org.springframework.test.context.event.EventPublishingTestExecutionListener]
02:35:56.497 [Test worker] INFO org.springframework.boot.test.context.SpringBootTestContextBootstrapper - Using TestExecutionListeners: [org.springframework.test.context.web.ServletTestExecutionListener@245d2963, org.springframework.test.context.support.DirtiesContextBeforeModesTestExecutionListener@461c04e3, org.springframework.test.context.event.ApplicationEventsTestExecutionListener@20050862, org.springframework.boot.test.mock.mockito.MockitoTestExecutionListener@122fb70e, org.springframework.boot.test.autoconfigure.SpringBootDependencyInjectionTestExecutionListener@5f748219, org.springframework.test.context.support.DirtiesContextTestExecutionListener@79e9be08, org.springframework.test.context.transaction.TransactionalTestExecutionListener@71a7ef4f, org.springframework.test.context.jdbc.SqlScriptsTestExecutionListener@1edfb1b2, org.springframework.test.context.event.EventPublishingTestExecutionListener@65c08c3a, org.springframework.boot.test.autoconfigure.restdocs.RestDocsTestExecutionListener@51ed7774, org.springframework.boot.test.autoconfigure.web.client.MockRestServiceServerResetTestExecutionListener@1f7e2791, org.springframework.boot.test.autoconfigure.web.servlet.MockMvcPrintOnlyOnFailureTestExecutionListener@7c4f47ed, org.springframework.boot.test.autoconfigure.web.servlet.WebDriverTestExecutionListener@1d0fa502, org.springframework.boot.test.autoconfigure.webservices.client.MockWebServiceServerTestExecutionListener@27e32700, org.springframework.boot.test.mock.mockito.ResetMocksTestExecutionListener@49cfdec2]
02:35:56.515 [Test worker] DEBUG org.springframework.test.context.support.AbstractDirtiesContextTestExecutionListener - Before test class: context [DefaultTestContext@30d65f5b testClass = IndexControllerTest, testInstance = [null], testMethod = [null], testException = [null], mergedContextConfiguration = [WebMergedContextConfiguration@2a711f72 testClass = IndexControllerTest, locations = '{}', classes = '{class com.jojoldu.book.springboot.Application}', contextInitializerClasses = '[]', activeProfiles = '{}', propertySourceLocations = '{}', propertySourceProperties = '{org.springframework.boot.test.context.SpringBootTestContextBootstrapper=true, server.port=0}', contextCustomizers = set[org.springframework.boot.test.autoconfigure.actuate.metrics.MetricsExportContextCustomizerFactory$DisableMetricExportContextCustomizer@66852742, org.springframework.boot.test.autoconfigure.properties.PropertyMappingContextCustomizer@0, org.springframework.boot.test.autoconfigure.web.servlet.WebDriverContextCustomizerFactory$Customizer@c55088b, org.springframework.boot.test.context.filter.ExcludeFilterContextCustomizer@41bbf41f, org.springframework.boot.test.json.DuplicateJsonObjectContextCustomizerFactory$DuplicateJsonObjectContextCustomizer@1d9cf53b, org.springframework.boot.test.mock.mockito.MockitoContextCustomizer@0, org.springframework.boot.test.web.client.TestRestTemplateContextCustomizer@623f78bd, org.springframework.boot.test.context.SpringBootTestArgs@1, org.springframework.boot.test.context.SpringBootTestWebEnvironment@10512a79], resourceBasePath = 'src/main/webapp', contextLoader = 'org.springframework.boot.test.context.SpringBootContextLoader', parent = [null]], attributes = map['org.springframework.test.context.web.ServletTestExecutionListener.activateListener' -> false]], class annotated with @DirtiesContext [false] with mode [null].
02:35:56.570 [Test worker] DEBUG org.springframework.test.context.support.DependencyInjectionTestExecutionListener - Performing dependency injection for test context [[DefaultTestContext@30d65f5b testClass = IndexControllerTest, testInstance = com.jojoldu.book.springboot.web.IndexControllerTest@46c705e3, testMethod = [null], testException = [null], mergedContextConfiguration = [WebMergedContextConfiguration@2a711f72 testClass = IndexControllerTest, locations = '{}', classes = '{class com.jojoldu.book.springboot.Application}', contextInitializerClasses = '[]', activeProfiles = '{}', propertySourceLocations = '{}', propertySourceProperties = '{org.springframework.boot.test.context.SpringBootTestContextBootstrapper=true, server.port=0}', contextCustomizers = set[org.springframework.boot.test.autoconfigure.actuate.metrics.MetricsExportContextCustomizerFactory$DisableMetricExportContextCustomizer@66852742, org.springframework.boot.test.autoconfigure.properties.PropertyMappingContextCustomizer@0, org.springframework.boot.test.autoconfigure.web.servlet.WebDriverContextCustomizerFactory$Customizer@c55088b, org.springframework.boot.test.context.filter.ExcludeFilterContextCustomizer@41bbf41f, org.springframework.boot.test.json.DuplicateJsonObjectContextCustomizerFactory$DuplicateJsonObjectContextCustomizer@1d9cf53b, org.springframework.boot.test.mock.mockito.MockitoContextCustomizer@0, org.springframework.boot.test.web.client.TestRestTemplateContextCustomizer@623f78bd, org.springframework.boot.test.context.SpringBootTestArgs@1, org.springframework.boot.test.context.SpringBootTestWebEnvironment@10512a79], resourceBasePath = 'src/main/webapp', contextLoader = 'org.springframework.boot.test.context.SpringBootContextLoader', parent = [null]], attributes = map['org.springframework.test.context.web.ServletTestExecutionListener.activateListener' -> false, 'org.springframework.test.context.event.ApplicationEventsTestExecutionListener.recordApplicationEvents' -> false]]].

  .   ____          _            __ _ _
 /\\ / ___'_ __ _ _(_)_ __  __ _ \ \ \ \
( ( )\___ | '_ | '_| | '_ \/ _` | \ \ \ \
 \\/  ___)| |_)| | | | | || (_| |  ) ) ) )
  '  |____| .__|_| |_|_| |_\__, | / / / /
 =========|_|==============|___/=/_/_/_/
 :: Spring Boot ::                (v2.6.6)

2022-06-17 02:35:57.387  INFO 40660 --- [    Test worker] c.j.b.s.web.IndexControllerTest          : Starting IndexControllerTest using Java 11.0.8 on 김다은-PC with PID 40660 (started by PC in C:\Users\PC\Desktop\SpringStudy\스프링 부트와 AWS로 혼자 구현하는 웹 서비스)
2022-06-17 02:35:57.389  INFO 40660 --- [    Test worker] c.j.b.s.web.IndexControllerTest          : No active profile set, falling back to 1 default profile: "default"
2022-06-17 02:35:58.901  INFO 40660 --- [    Test worker] .s.d.r.c.RepositoryConfigurationDelegate : Bootstrapping Spring Data JPA repositories in DEFAULT mode.
2022-06-17 02:35:59.110  INFO 40660 --- [    Test worker] .s.d.r.c.RepositoryConfigurationDelegate : Finished Spring Data repository scanning in 193 ms. Found 1 JPA repository interfaces.
2022-06-17 02:36:00.789  INFO 40660 --- [    Test worker] o.s.b.w.embedded.tomcat.TomcatWebServer  : Tomcat initialized with port(s): 0 (http)
2022-06-17 02:36:00.818  INFO 40660 --- [    Test worker] o.apache.catalina.core.StandardService   : Starting service [Tomcat]
2022-06-17 02:36:00.818  INFO 40660 --- [    Test worker] org.apache.catalina.core.StandardEngine  : Starting Servlet engine: [Apache Tomcat/9.0.60]
2022-06-17 02:36:01.294  INFO 40660 --- [    Test worker] o.a.c.c.C.[Tomcat].[localhost].[/]       : Initializing Spring embedded WebApplicationContext
2022-06-17 02:36:01.295  INFO 40660 --- [    Test worker] w.s.c.ServletWebServerApplicationContext : Root WebApplicationContext: initialization completed in 3852 ms
2022-06-17 02:36:01.414  INFO 40660 --- [    Test worker] com.zaxxer.hikari.HikariDataSource       : HikariPool-1 - Starting...
2022-06-17 02:36:01.975  INFO 40660 --- [    Test worker] com.zaxxer.hikari.HikariDataSource       : HikariPool-1 - Start completed.
2022-06-17 02:36:02.000  INFO 40660 --- [    Test worker] o.s.b.a.h2.H2ConsoleAutoConfiguration    : H2 console available at '/h2-console'. Database available at 'jdbc:h2:mem:testdb'
2022-06-17 02:36:02.723  INFO 40660 --- [    Test worker] o.hibernate.jpa.internal.util.LogHelper  : HHH000204: Processing PersistenceUnitInfo [name: default]
2022-06-17 02:36:02.902  INFO 40660 --- [    Test worker] org.hibernate.Version                    : HHH000412: Hibernate ORM core version 5.6.7.Final
2022-06-17 02:36:03.589  INFO 40660 --- [    Test worker] o.hibernate.annotations.common.Version   : HCANN000001: Hibernate Commons Annotations {5.1.2.Final}
2022-06-17 02:36:03.939  INFO 40660 --- [    Test worker] org.hibernate.dialect.Dialect            : HHH000400: Using dialect: org.hibernate.dialect.H2Dialect
Hibernate: 
    
    drop table if exists posts CASCADE 
Hibernate: 
    
    create table posts (
       id bigint generated by default as identity,
        created_date timestamp,
        modified_date timestamp,
        author varchar(255),
        content TEXT not null,
        title varchar(500) not null,
        primary key (id)
    )
2022-06-17 02:36:05.668  INFO 40660 --- [    Test worker] o.h.e.t.j.p.i.JtaPlatformInitiator       : HHH000490: Using JtaPlatform implementation: [org.hibernate.engine.transaction.jta.platform.internal.NoJtaPlatform]
2022-06-17 02:36:05.691  INFO 40660 --- [    Test worker] j.LocalContainerEntityManagerFactoryBean : Initialized JPA EntityManagerFactory for persistence unit 'default'
2022-06-17 02:36:06.599  WARN 40660 --- [    Test worker] JpaBaseConfiguration$JpaWebConfiguration : spring.jpa.open-in-view is enabled by default. Therefore, database queries may be performed during view rendering. Explicitly configure spring.jpa.open-in-view to disable this warning
2022-06-17 02:36:07.388  INFO 40660 --- [    Test worker] o.s.b.a.w.s.WelcomePageHandlerMapping    : Adding welcome page template: index
2022-06-17 02:36:08.111  INFO 40660 --- [    Test worker] o.s.b.w.embedded.tomcat.TomcatWebServer  : Tomcat started on port(s): 2688 (http) with context path ''
2022-06-17 02:36:08.128  INFO 40660 --- [    Test worker] c.j.b.s.web.IndexControllerTest          : Started IndexControllerTest in 11.424 seconds (JVM running for 19.448)
2022-06-17 02:36:08.642  INFO 40660 --- [o-auto-1-exec-1] o.a.c.c.C.[Tomcat].[localhost].[/]       : Initializing Spring DispatcherServlet 'dispatcherServlet'
2022-06-17 02:36:08.643  INFO 40660 --- [o-auto-1-exec-1] o.s.web.servlet.DispatcherServlet        : Initializing Servlet 'dispatcherServlet'
2022-06-17 02:36:08.645  INFO 40660 --- [o-auto-1-exec-1] o.s.web.servlet.DispatcherServlet        : Completed initialization in 2 ms
]]></system-out>
  <system-err><![CDATA[]]></system-err>
</testsuite>
